C51 COMPILER V9.00   FLASH                                                                 09/17/2012 23:02:44 PAGE 1   


C51 COMPILER V9.00, COMPILATION OF MODULE FLASH
OBJECT MODULE PLACED IN .\flash.obj
COMPILER INVOKED BY: C:\Keil\C51\BIN\C51.EXE ..\code\flash.c BROWSE DEBUG OBJECTEXTEND PRINT(.\flash.lst) OBJECT(.\flash
                    -.obj)

line level    source

   1          #include  "include.h"
   2          
   3          /********************************************************
   4          读单片机EEPROM
   5          ********************************************************/
   6          INT8U read_eeprom(INT16U addr)
   7          {
   8   1              INT8U val;
   9   1              IAP_ADDRH=(INT8U)(addr>>8);
*** ERROR C202 IN LINE 9 OF ..\CODE\FLASH.C: 'IAP_ADDRH': undefined identifier
  10   1              IAP_ADDRL=(INT8U)(addr);  
*** ERROR C202 IN LINE 10 OF ..\CODE\FLASH.C: 'IAP_ADDRL': undefined identifier
  11   1              // 设置等待时间,30M以下0,24M以下1,20M以下2,12M以下3,6M以下4,3M以下5,2M以下6,1M以下7.
  12   1              IAP_CONTR=0x82;    
*** ERROR C202 IN LINE 12 OF ..\CODE\FLASH.C: 'IAP_CONTR': undefined identifier
  13   1              // 0 0 : Standby 待机模式,无ISP/IAP操作
  14   1              // 0 1 : 对 EEPROM 进行字节读
  15   1              // 1 0 : 对 EEPROM 进行字节编程
  16   1              // 1 1 : 对 EEPROM进行扇区擦除
  17   1              IAP_CMD=1;   
*** ERROR C202 IN LINE 17 OF ..\CODE\FLASH.C: 'IAP_CMD': undefined identifier
  18   1              IAP_TRIG=0x5a;
*** ERROR C202 IN LINE 18 OF ..\CODE\FLASH.C: 'IAP_TRIG': undefined identifier
  19   1              IAP_TRIG=0xa5;
*** ERROR C202 IN LINE 19 OF ..\CODE\FLASH.C: 'IAP_TRIG': undefined identifier
  20   1              nop();
  21   1              val=IAP_DATA;
*** ERROR C202 IN LINE 21 OF ..\CODE\FLASH.C: 'IAP_DATA': undefined identifier
  22   1              IAP_CONTR=0;
*** ERROR C202 IN LINE 22 OF ..\CODE\FLASH.C: 'IAP_CONTR': undefined identifier
  23   1              IAP_CMD=0;
*** ERROR C202 IN LINE 23 OF ..\CODE\FLASH.C: 'IAP_CMD': undefined identifier
  24   1              IAP_TRIG=0;
*** ERROR C202 IN LINE 24 OF ..\CODE\FLASH.C: 'IAP_TRIG': undefined identifier
  25   1              IAP_ADDRH=0x80;
*** ERROR C202 IN LINE 25 OF ..\CODE\FLASH.C: 'IAP_ADDRH': undefined identifier
  26   1              IAP_ADDRL=0x00;   
*** ERROR C202 IN LINE 26 OF ..\CODE\FLASH.C: 'IAP_ADDRL': undefined identifier
  27   1              return val;
  28   1      }
  29          
  30          void read_eeproms( INT16U StartAddr, INT8U * Buf, INT8U Len )
  31          {
  32   1              while( Len -- )
  33   1              {
  34   2                      *Buf++ = read_eeprom( StartAddr++ );    
  35   2              }
  36   1      }
  37          
  38          
  39          /********************************************************
  40          单片机EEPROM扇区擦除
  41          ********************************************************/
  42          void erase_eeprom(INT16U first_addr)
C51 COMPILER V9.00   FLASH                                                                 09/17/2012 23:02:44 PAGE 2   

  43          {
  44   1              IAP_ADDRH=(INT8U)(first_addr>>8);
*** ERROR C202 IN LINE 44 OF ..\CODE\FLASH.C: 'IAP_ADDRH': undefined identifier
  45   1              IAP_ADDRL=(INT8U)(first_addr);
*** ERROR C202 IN LINE 45 OF ..\CODE\FLASH.C: 'IAP_ADDRL': undefined identifier
  46   1              //设置等待时间,30M以下0,24M以下1,20M以下2,12M以下3,6M以下4,3M以下5,2M以下6,1M以下7.
  47   1              IAP_CONTR=0x82;  
*** ERROR C202 IN LINE 47 OF ..\CODE\FLASH.C: 'IAP_CONTR': undefined identifier
  48   1              // 0 0 : Standby 待机模式,无ISP/IAP操作
  49   1              // 0 1 : 对 EEPROM 进行字节读
  50   1              // 1 0 : 对 EEPROM 进行字节编程
  51   1              // 1 1 : 对 EEPROM进行扇区擦除
  52   1              IAP_CMD=3; 
*** ERROR C202 IN LINE 52 OF ..\CODE\FLASH.C: 'IAP_CMD': undefined identifier
  53   1              IAP_TRIG=0x5a;
*** ERROR C202 IN LINE 53 OF ..\CODE\FLASH.C: 'IAP_TRIG': undefined identifier
  54   1              IAP_TRIG=0xa5;
*** ERROR C202 IN LINE 54 OF ..\CODE\FLASH.C: 'IAP_TRIG': undefined identifier
  55   1              nop();
  56   1              IAP_CONTR=0;
*** ERROR C202 IN LINE 56 OF ..\CODE\FLASH.C: 'IAP_CONTR': undefined identifier
  57   1              IAP_CMD=0;
*** ERROR C202 IN LINE 57 OF ..\CODE\FLASH.C: 'IAP_CMD': undefined identifier
  58   1              IAP_TRIG=0;
*** ERROR C202 IN LINE 58 OF ..\CODE\FLASH.C: 'IAP_TRIG': undefined identifier
  59   1              IAP_ADDRH=0x80;
*** ERROR C202 IN LINE 59 OF ..\CODE\FLASH.C: 'IAP_ADDRH': undefined identifier
  60   1              IAP_ADDRL=0x00;   
*** ERROR C202 IN LINE 60 OF ..\CODE\FLASH.C: 'IAP_ADDRL': undefined identifier
  61   1      }
  62          
  63          
  64          /********************************************************
  65          写单片机EEPROM
  66          ********************************************************/
  67          void program_eeprom(INT16U addr,INT8U val)
  68          {
  69   1              //uint data first_addr;
  70   1              //first_addr=addr&0xe000;
  71   1              //erase_eeprom(first_addr);
  72   1              IAP_DATA=val;
*** ERROR C202 IN LINE 72 OF ..\CODE\FLASH.C: 'IAP_DATA': undefined identifier
  73   1              IAP_ADDRH=(INT8U)(addr>>8);
*** ERROR C202 IN LINE 73 OF ..\CODE\FLASH.C: 'IAP_ADDRH': undefined identifier
  74   1              IAP_ADDRL=(INT8U)(addr);
*** ERROR C202 IN LINE 74 OF ..\CODE\FLASH.C: 'IAP_ADDRL': undefined identifier
  75   1              //设置等待时间,30M以下0,24M以下1,20M以下2,12M以下3,6M以下4,3M以下5,2M以下6,1M以下7.
  76   1              // 1 0 0 0 0 0 D1 D2
  77   1              IAP_CONTR=0x82;
*** ERROR C202 IN LINE 77 OF ..\CODE\FLASH.C: 'IAP_CONTR': undefined identifier
  78   1              // 0 0 : Standby 待机模式,无ISP/IAP操作
  79   1              // 0 1 : 对 EEPROM 进行字节读
  80   1              // 1 0 : 对 EEPROM 进行字节编程
  81   1              // 1 1 : 对 EEPROM 进行扇区擦除
  82   1              IAP_CMD=2;
*** ERROR C202 IN LINE 82 OF ..\CODE\FLASH.C: 'IAP_CMD': undefined identifier
  83   1              IAP_TRIG=0x5a;
*** ERROR C202 IN LINE 83 OF ..\CODE\FLASH.C: 'IAP_TRIG': undefined identifier
  84   1              IAP_TRIG=0xa5;
*** ERROR C202 IN LINE 84 OF ..\CODE\FLASH.C: 'IAP_TRIG': undefined identifier
  85   1              nop();
  86   1              IAP_CONTR=0;
C51 COMPILER V9.00   FLASH                                                                 09/17/2012 23:02:44 PAGE 3   

*** ERROR C202 IN LINE 86 OF ..\CODE\FLASH.C: 'IAP_CONTR': undefined identifier
  87   1              IAP_CMD=0;
*** ERROR C202 IN LINE 87 OF ..\CODE\FLASH.C: 'IAP_CMD': undefined identifier
  88   1              IAP_TRIG=0;
*** ERROR C202 IN LINE 88 OF ..\CODE\FLASH.C: 'IAP_TRIG': undefined identifier
  89   1              IAP_ADDRH=0x80;
*** ERROR C202 IN LINE 89 OF ..\CODE\FLASH.C: 'IAP_ADDRH': undefined identifier
  90   1              IAP_ADDRL=0x00;
*** ERROR C202 IN LINE 90 OF ..\CODE\FLASH.C: 'IAP_ADDRL': undefined identifier
  91   1      }
  92          
  93          void program_eeproms( INT16U StartAddr, INT8U * Buf, INT8U Len )
  94          {
  95   1              while( Len -- )
  96   1              {
  97   2                      program_eeprom( StartAddr++, *Buf++ );
  98   2                      delay_ms(2);    
  99   2              }
 100   1      }
 101          
 102          void init_flash(void)
 103          {
 104   1      
 105   1      }

C51 COMPILATION COMPLETE.  0 WARNING(S),  35 ERROR(S)
